2018-06-21 16:24:51.676 ERROR [http-nio-1218-exec-6] mx.company.code.util.TokeknValidatorJwt [TokeknValidatorJwt.java:30] - Ha ocurrido un error al validar el token --> JWT strings must contain exactly 2 period characters. Found: 0
2018-06-21 16:48:14.288 INFO  [main] mx.company.code.Application [StartupInfoLogger.java:48] - Starting Application on APALMA-LAP with PID 21256 (C:\Proyectos\Prueba\JavaWorkSpace\mx.company.code\target\classes started by apalma in C:\Proyectos\Prueba\JavaWorkSpace\mx.company.code)
2018-06-21 16:48:14.292 DEBUG [main] mx.company.code.Application [StartupInfoLogger.java:51] - Running with Spring Boot v1.5.8.RELEASE, Spring v4.3.12.RELEASE
2018-06-21 16:48:14.293 INFO  [main] mx.company.code.Application [SpringApplication.java:593] - No active profile set, falling back to default profiles: default
2018-06-21 16:48:16.235 INFO  [main] mx.company.code.config.AppConfiguration [AppConfiguration.java:33] - Registrando validator para peticiones post.
2018-06-21 16:48:16.816 INFO  [main] mx.company.code.Application [StartupInfoLogger.java:57] - Started Application in 2.798 seconds (JVM running for 3.443)
2018-06-21 16:48:58.204 INFO  [http-nio-1218-exec-1] mx.company.code.controller.ValidatorTokenController [ValidatorTokenController.java:32] - Entrando al controller -->class mx.company.code.controller.ValidatorTokenController
2018-06-21 16:48:58.205 DEBUG [http-nio-1218-exec-1] mx.company.code.util.TokeknValidatorJwt [TokeknValidatorJwt.java:21] - Validando token --->class mx.company.code.util.TokeknValidatorJwt
2018-06-21 16:48:58.475 INFO  [http-nio-1218-exec-1] mx.company.code.util.TokeknValidatorJwt [TokeknValidatorJwt.java:29] - Token Valido!!! ---> 
 eyJhbGciOiJIUzI1NiIsInR5cCI6IkpXVCJ9.eyJpZCI6MTIxOCwibm9tYnJlIjoiYmV0dG8iLCJhcGVsbGlkbyI6InBhbG1hIiwiY29ycmVvIjoiY29ycmVvQGNvcnJlby5jb20ifQ.IywdczKxNWFq_DQmDCcWC-spaCMFX4WACF3XcmX6Ka0
2018-06-21 16:48:58.475 INFO  [http-nio-1218-exec-1] mx.company.code.controller.ValidatorTokenController [ValidatorTokenController.java:34] - Token validado -->mx.company.code.model.TokenValidoResponse@6298504e 
2018-06-21 16:48:58.476 DEBUG [http-nio-1218-exec-1] mx.company.code.controller.ValidatorTokenController [ValidatorTokenController.java:35] - Message de debug
2018-06-21 16:48:58.476 ERROR [http-nio-1218-exec-1] mx.company.code.controller.ValidatorTokenController [ValidatorTokenController.java:36] - log de erro
2018-06-21 16:48:58.477 WARN  [http-nio-1218-exec-1] mx.company.code.controller.ValidatorTokenController [ValidatorTokenController.java:37] - log de warning
2018-06-21 17:08:48.807 INFO  [main] mx.company.code.Application [StartupInfoLogger.java:48] - Starting Application on APALMA-LAP with PID 31004 (C:\Proyectos\Prueba\JavaWorkSpace\mx.company.code\target\classes started by apalma in C:\Proyectos\Prueba\JavaWorkSpace\mx.company.code)
2018-06-21 17:08:48.810 DEBUG [main] mx.company.code.Application [StartupInfoLogger.java:51] - Running with Spring Boot v1.5.8.RELEASE, Spring v4.3.12.RELEASE
2018-06-21 17:08:48.811 INFO  [main] mx.company.code.Application [SpringApplication.java:593] - No active profile set, falling back to default profiles: default
2018-06-21 17:08:51.261 INFO  [main] mx.company.code.config.AppConfiguration [AppConfiguration.java:33] - Registrando validator para peticiones post.
2018-06-21 17:08:52.053 INFO  [main] mx.company.code.Application [StartupInfoLogger.java:57] - Started Application in 3.582 seconds (JVM running for 4.343)
2018-06-21 17:09:04.752 INFO  [http-nio-1218-exec-1] mx.company.code.controller.ValidatorTokenController [ValidatorTokenController.java:32] - Entrando al controller -->class mx.company.code.controller.ValidatorTokenController
2018-06-21 17:09:04.754 DEBUG [http-nio-1218-exec-1] mx.company.code.util.TokeknValidatorJwt [TokeknValidatorJwt.java:21] - Validando token --->class mx.company.code.util.TokeknValidatorJwt
2018-06-21 17:09:04.834 ERROR [http-nio-1218-exec-1] mx.company.code.util.TokeknValidatorJwt [TokeknValidatorJwt.java:34] - Ha ocurrido un error al validar el token --> JWT strings must contain exactly 2 period characters. Found: 0
2018-06-21 17:09:04.835 INFO  [http-nio-1218-exec-1] mx.company.code.controller.ValidatorTokenController [ValidatorTokenController.java:34] - Token validado -->mx.company.code.model.TokenValidoResponse@3d01d78 
2018-06-21 17:09:04.835 DEBUG [http-nio-1218-exec-1] mx.company.code.controller.ValidatorTokenController [ValidatorTokenController.java:35] - Message de debug
2018-06-21 17:09:04.835 ERROR [http-nio-1218-exec-1] mx.company.code.controller.ValidatorTokenController [ValidatorTokenController.java:36] - log de erro
2018-06-21 17:09:04.835 WARN  [http-nio-1218-exec-1] mx.company.code.controller.ValidatorTokenController [ValidatorTokenController.java:37] - log de warning
2018-06-21 17:09:46.187 ERROR [main] org.springframework.boot.logging.LoggingApplicationListener [LoggingApplicationListener.java:365] - Cannot set level: ERRORs for 'org.springframework.web'
2018-06-21 17:09:46.265 INFO  [main] mx.company.code.Application [StartupInfoLogger.java:48] - Starting Application on APALMA-LAP with PID 31452 (C:\Proyectos\Prueba\JavaWorkSpace\mx.company.code\target\classes started by apalma in C:\Proyectos\Prueba\JavaWorkSpace\mx.company.code)
2018-06-21 17:09:46.266 DEBUG [main] mx.company.code.Application [StartupInfoLogger.java:51] - Running with Spring Boot v1.5.8.RELEASE, Spring v4.3.12.RELEASE
2018-06-21 17:09:46.266 INFO  [main] mx.company.code.Application [SpringApplication.java:593] - No active profile set, falling back to default profiles: default
2018-06-21 17:09:48.702 INFO  [main] mx.company.code.config.AppConfiguration [AppConfiguration.java:33] - Registrando validator para peticiones post.
2018-06-21 17:09:49.426 INFO  [main] mx.company.code.Application [StartupInfoLogger.java:57] - Started Application in 3.534 seconds (JVM running for 4.259)
2018-06-21 17:09:58.984 INFO  [http-nio-1218-exec-2] mx.company.code.controller.ValidatorTokenController [ValidatorTokenController.java:32] - Entrando al controller -->class mx.company.code.controller.ValidatorTokenController
2018-06-21 17:09:58.985 DEBUG [http-nio-1218-exec-2] mx.company.code.util.TokeknValidatorJwt [TokeknValidatorJwt.java:21] - Validando token --->class mx.company.code.util.TokeknValidatorJwt
2018-06-21 17:09:59.000 ERROR [http-nio-1218-exec-2] mx.company.code.util.TokeknValidatorJwt [TokeknValidatorJwt.java:34] - Ha ocurrido un error al validar el token --> JWT strings must contain exactly 2 period characters. Found: 0
2018-06-21 17:09:59.000 INFO  [http-nio-1218-exec-2] mx.company.code.controller.ValidatorTokenController [ValidatorTokenController.java:34] - Token validado -->mx.company.code.model.TokenValidoResponse@2845da3d 
2018-06-21 17:09:59.000 DEBUG [http-nio-1218-exec-2] mx.company.code.controller.ValidatorTokenController [ValidatorTokenController.java:35] - Message de debug
2018-06-21 17:09:59.000 ERROR [http-nio-1218-exec-2] mx.company.code.controller.ValidatorTokenController [ValidatorTokenController.java:36] - log de erro
2018-06-21 17:09:59.001 WARN  [http-nio-1218-exec-2] mx.company.code.controller.ValidatorTokenController [ValidatorTokenController.java:37] - log de warning
2018-06-21 17:10:43.689 ERROR [main] org.springframework.boot.logging.LoggingApplicationListener [LoggingApplicationListener.java:365] - Cannot set level: DEBUGs for 'mx.company.code'
2018-06-21 17:10:50.043 ERROR [http-nio-1218-exec-1] mx.company.code.util.TokeknValidatorJwt [TokeknValidatorJwt.java:34] - Ha ocurrido un error al validar el token --> JWT strings must contain exactly 2 period characters. Found: 0
2018-06-21 17:10:50.044 ERROR [http-nio-1218-exec-1] mx.company.code.controller.ValidatorTokenController [ValidatorTokenController.java:36] - log de erro
2018-06-21 17:10:50.044 WARN  [http-nio-1218-exec-1] mx.company.code.controller.ValidatorTokenController [ValidatorTokenController.java:37] - log de warning
2018-06-21 17:14:19.686 INFO  [main] mx.company.code.Application [StartupInfoLogger.java:48] - Starting Application on APALMA-LAP with PID 30064 (C:\Proyectos\Prueba\JavaWorkSpace\mx.company.code\target\classes started by apalma in C:\Proyectos\Prueba\JavaWorkSpace\mx.company.code)
2018-06-21 17:14:19.689 DEBUG [main] mx.company.code.Application [StartupInfoLogger.java:51] - Running with Spring Boot v1.5.8.RELEASE, Spring v4.3.12.RELEASE
2018-06-21 17:14:19.690 INFO  [main] mx.company.code.Application [SpringApplication.java:593] - No active profile set, falling back to default profiles: default
2018-06-21 17:14:21.547 INFO  [main] mx.company.code.config.AppConfiguration [AppConfiguration.java:33] - Registrando validator para peticiones post.
2018-06-21 17:14:22.123 INFO  [main] mx.company.code.Application [StartupInfoLogger.java:57] - Started Application in 2.695 seconds (JVM running for 3.346)
2018-06-21 17:15:18.047 INFO  [main] mx.company.code.Application [StartupInfoLogger.java:48] - Starting Application on APALMA-LAP with PID 12284 (C:\Proyectos\Prueba\JavaWorkSpace\mx.company.code\target\classes started by apalma in C:\Proyectos\Prueba\JavaWorkSpace\mx.company.code)
2018-06-21 17:15:18.050 DEBUG [main] mx.company.code.Application [StartupInfoLogger.java:51] - Running with Spring Boot v1.5.8.RELEASE, Spring v4.3.12.RELEASE
2018-06-21 17:15:18.051 INFO  [main] mx.company.code.Application [SpringApplication.java:593] - No active profile set, falling back to default profiles: default
2018-06-21 17:15:19.891 INFO  [main] mx.company.code.config.AppConfiguration [AppConfiguration.java:33] - Registrando validator para peticiones post.
2018-06-21 17:15:20.428 INFO  [main] mx.company.code.Application [StartupInfoLogger.java:57] - Started Application in 2.644 seconds (JVM running for 3.251)
2018-06-21 17:15:44.246 INFO  [main] mx.company.code.Application [StartupInfoLogger.java:48] - Starting Application on APALMA-LAP with PID 30884 (C:\Proyectos\Prueba\JavaWorkSpace\mx.company.code\target\classes started by apalma in C:\Proyectos\Prueba\JavaWorkSpace\mx.company.code)
2018-06-21 17:15:44.250 DEBUG [main] mx.company.code.Application [StartupInfoLogger.java:51] - Running with Spring Boot v1.5.8.RELEASE, Spring v4.3.12.RELEASE
2018-06-21 17:15:44.250 INFO  [main] mx.company.code.Application [SpringApplication.java:593] - No active profile set, falling back to default profiles: default
2018-06-21 17:15:46.208 INFO  [main] mx.company.code.config.AppConfiguration [AppConfiguration.java:33] - Registrando validator para peticiones post.
2018-06-21 17:15:46.999 INFO  [main] mx.company.code.Application [StartupInfoLogger.java:57] - Started Application in 3.024 seconds (JVM running for 3.641)
2018-06-21 17:16:02.698 INFO  [main] mx.company.code.Application [StartupInfoLogger.java:48] - Starting Application on APALMA-LAP with PID 5152 (C:\Proyectos\Prueba\JavaWorkSpace\mx.company.code\target\classes started by apalma in C:\Proyectos\Prueba\JavaWorkSpace\mx.company.code)
2018-06-21 17:16:02.701 DEBUG [main] mx.company.code.Application [StartupInfoLogger.java:51] - Running with Spring Boot v1.5.8.RELEASE, Spring v4.3.12.RELEASE
2018-06-21 17:16:02.701 INFO  [main] mx.company.code.Application [SpringApplication.java:593] - No active profile set, falling back to default profiles: default
2018-06-21 17:16:04.628 INFO  [main] mx.company.code.config.AppConfiguration [AppConfiguration.java:33] - Registrando validator para peticiones post.
2018-06-21 17:16:05.180 INFO  [main] mx.company.code.Application [StartupInfoLogger.java:57] - Started Application in 2.737 seconds (JVM running for 3.383)
2018-06-21 17:16:21.470 INFO  [main] mx.company.code.Application [StartupInfoLogger.java:48] - Starting Application on APALMA-LAP with PID 9800 (C:\Proyectos\Prueba\JavaWorkSpace\mx.company.code\target\classes started by apalma in C:\Proyectos\Prueba\JavaWorkSpace\mx.company.code)
2018-06-21 17:16:21.473 DEBUG [main] mx.company.code.Application [StartupInfoLogger.java:51] - Running with Spring Boot v1.5.8.RELEASE, Spring v4.3.12.RELEASE
2018-06-21 17:16:21.474 INFO  [main] mx.company.code.Application [SpringApplication.java:593] - No active profile set, falling back to default profiles: default
2018-06-21 17:16:23.374 INFO  [main] mx.company.code.config.AppConfiguration [AppConfiguration.java:33] - Registrando validator para peticiones post.
2018-06-21 17:16:23.949 INFO  [main] mx.company.code.Application [StartupInfoLogger.java:57] - Started Application in 2.73 seconds (JVM running for 3.337)
2018-06-21 17:17:08.971 INFO  [main] mx.company.code.Application [StartupInfoLogger.java:48] - Starting Application on APALMA-LAP with PID 15392 (C:\Proyectos\Prueba\JavaWorkSpace\mx.company.code\target\classes started by apalma in C:\Proyectos\Prueba\JavaWorkSpace\mx.company.code)
2018-06-21 17:17:08.974 DEBUG [main] mx.company.code.Application [StartupInfoLogger.java:51] - Running with Spring Boot v1.5.8.RELEASE, Spring v4.3.12.RELEASE
2018-06-21 17:17:08.975 INFO  [main] mx.company.code.Application [SpringApplication.java:593] - No active profile set, falling back to default profiles: default
2018-06-21 17:17:10.876 INFO  [main] mx.company.code.config.AppConfiguration [AppConfiguration.java:33] - Registrando validator para peticiones post.
2018-06-21 17:17:11.412 INFO  [main] mx.company.code.Application [StartupInfoLogger.java:57] - Started Application in 2.694 seconds (JVM running for 3.269)
2018-06-21 17:17:29.086 INFO  [main] mx.company.code.Application [StartupInfoLogger.java:48] - Starting Application on APALMA-LAP with PID 18128 (C:\Proyectos\Prueba\JavaWorkSpace\mx.company.code\target\classes started by apalma in C:\Proyectos\Prueba\JavaWorkSpace\mx.company.code)
2018-06-21 17:17:29.096 DEBUG [main] mx.company.code.Application [StartupInfoLogger.java:51] - Running with Spring Boot v1.5.8.RELEASE, Spring v4.3.12.RELEASE
2018-06-21 17:17:29.096 INFO  [main] mx.company.code.Application [SpringApplication.java:593] - No active profile set, falling back to default profiles: default
2018-06-21 17:17:30.990 INFO  [main] mx.company.code.config.AppConfiguration [AppConfiguration.java:33] - Registrando validator para peticiones post.
2018-06-21 17:17:31.593 INFO  [main] mx.company.code.Application [StartupInfoLogger.java:57] - Started Application in 2.774 seconds (JVM running for 3.436)
2018-06-21 17:19:02.042 INFO  [main] mx.company.code.Application [StartupInfoLogger.java:48] - Starting Application on APALMA-LAP with PID 30804 (C:\Proyectos\Prueba\JavaWorkSpace\mx.company.code\target\classes started by apalma in C:\Proyectos\Prueba\JavaWorkSpace\mx.company.code)
2018-06-21 17:19:02.043 DEBUG [main] mx.company.code.Application [StartupInfoLogger.java:51] - Running with Spring Boot v1.5.8.RELEASE, Spring v4.3.12.RELEASE
2018-06-21 17:19:02.044 INFO  [main] mx.company.code.Application [SpringApplication.java:593] - No active profile set, falling back to default profiles: default
2018-06-21 17:19:03.974 INFO  [main] mx.company.code.config.AppConfiguration [AppConfiguration.java:33] - Registrando validator para peticiones post.
2018-06-21 17:19:04.559 INFO  [main] mx.company.code.Application [StartupInfoLogger.java:57] - Started Application in 2.78 seconds (JVM running for 3.373)
2018-06-21 17:20:08.074 INFO  [main] mx.company.code.Application [StartupInfoLogger.java:48] - Starting Application on APALMA-LAP with PID 32268 (C:\Proyectos\Prueba\JavaWorkSpace\mx.company.code\target\classes started by apalma in C:\Proyectos\Prueba\JavaWorkSpace\mx.company.code)
2018-06-21 17:20:08.077 DEBUG [main] mx.company.code.Application [StartupInfoLogger.java:51] - Running with Spring Boot v1.5.8.RELEASE, Spring v4.3.12.RELEASE
2018-06-21 17:20:08.077 INFO  [main] mx.company.code.Application [SpringApplication.java:593] - No active profile set, falling back to default profiles: default
2018-06-21 17:20:09.969 INFO  [main] mx.company.code.config.AppConfiguration [AppConfiguration.java:33] - \e[31m Registrando validator para peticiones post.
2018-06-21 17:20:10.533 INFO  [main] mx.company.code.Application [StartupInfoLogger.java:57] - Started Application in 2.726 seconds (JVM running for 3.345)
2018-06-21 17:20:30.685 INFO  [main] mx.company.code.Application [StartupInfoLogger.java:48] - Starting Application on APALMA-LAP with PID 29808 (C:\Proyectos\Prueba\JavaWorkSpace\mx.company.code\target\classes started by apalma in C:\Proyectos\Prueba\JavaWorkSpace\mx.company.code)
2018-06-21 17:20:30.689 DEBUG [main] mx.company.code.Application [StartupInfoLogger.java:51] - Running with Spring Boot v1.5.8.RELEASE, Spring v4.3.12.RELEASE
2018-06-21 17:20:30.689 INFO  [main] mx.company.code.Application [SpringApplication.java:593] - No active profile set, falling back to default profiles: default
2018-06-21 17:20:32.686 INFO  [main] mx.company.code.config.AppConfiguration [AppConfiguration.java:33] - /e[31m Registrando validator para peticiones post.
2018-06-21 17:20:33.236 INFO  [main] mx.company.code.Application [StartupInfoLogger.java:57] - Started Application in 2.813 seconds (JVM running for 3.4)
2018-06-21 17:22:51.128 INFO  [main] mx.company.code.Application [StartupInfoLogger.java:48] - Starting Application on APALMA-LAP with PID 7980 (C:\Proyectos\Prueba\JavaWorkSpace\mx.company.code\target\classes started by apalma in C:\Proyectos\Prueba\JavaWorkSpace\mx.company.code)
2018-06-21 17:22:51.132 DEBUG [main] mx.company.code.Application [StartupInfoLogger.java:51] - Running with Spring Boot v1.5.8.RELEASE, Spring v4.3.12.RELEASE
2018-06-21 17:22:51.132 INFO  [main] mx.company.code.Application [SpringApplication.java:593] - No active profile set, falling back to default profiles: default
2018-06-21 17:22:53.240 INFO  [main] mx.company.code.config.AppConfiguration [AppConfiguration.java:33] - [0;31m Registrando validator para peticiones post.
2018-06-21 17:22:53.835 INFO  [main] mx.company.code.Application [StartupInfoLogger.java:57] - Started Application in 3.025 seconds (JVM running for 3.715)
2018-06-21 17:23:25.780 INFO  [main] mx.company.code.Application [StartupInfoLogger.java:48] - Starting Application on APALMA-LAP with PID 21524 (C:\Proyectos\Prueba\JavaWorkSpace\mx.company.code\target\classes started by apalma in C:\Proyectos\Prueba\JavaWorkSpace\mx.company.code)
2018-06-21 17:23:25.783 DEBUG [main] mx.company.code.Application [StartupInfoLogger.java:51] - Running with Spring Boot v1.5.8.RELEASE, Spring v4.3.12.RELEASE
2018-06-21 17:23:25.783 INFO  [main] mx.company.code.Application [SpringApplication.java:593] - No active profile set, falling back to default profiles: default
2018-06-21 17:23:27.809 INFO  [main] mx.company.code.config.AppConfiguration [AppConfiguration.java:33] - \033[1;31m Registrando validator para peticiones post.
2018-06-21 17:23:28.479 INFO  [main] mx.company.code.Application [StartupInfoLogger.java:57] - Started Application in 2.964 seconds (JVM running for 3.589)
2018-06-21 17:24:39.092 INFO  [main] mx.company.code.Application [StartupInfoLogger.java:48] - Starting Application on APALMA-LAP with PID 2764 (C:\Proyectos\Prueba\JavaWorkSpace\mx.company.code\target\classes started by apalma in C:\Proyectos\Prueba\JavaWorkSpace\mx.company.code)
2018-06-21 17:24:39.095 DEBUG [main] mx.company.code.Application [StartupInfoLogger.java:51] - Running with Spring Boot v1.5.8.RELEASE, Spring v4.3.12.RELEASE
2018-06-21 17:24:39.096 INFO  [main] mx.company.code.Application [SpringApplication.java:593] - No active profile set, falling back to default profiles: default
2018-06-21 17:24:41.039 INFO  [main] mx.company.code.config.AppConfiguration [AppConfiguration.java:33] - [0;91m Registrando validator para peticiones post.
2018-06-21 17:24:41.612 INFO  [main] mx.company.code.Application [StartupInfoLogger.java:57] - Started Application in 2.834 seconds (JVM running for 3.497)
2018-06-21 17:26:38.092 INFO  [main] mx.company.code.Application [StartupInfoLogger.java:48] - Starting Application on APALMA-LAP with PID 10788 (C:\Proyectos\Prueba\JavaWorkSpace\mx.company.code\target\classes started by apalma in C:\Proyectos\Prueba\JavaWorkSpace\mx.company.code)
2018-06-21 17:26:38.095 DEBUG [main] mx.company.code.Application [StartupInfoLogger.java:51] - Running with Spring Boot v1.5.8.RELEASE, Spring v4.3.12.RELEASE
2018-06-21 17:26:38.095 INFO  [main] mx.company.code.Application [SpringApplication.java:593] - No active profile set, falling back to default profiles: default
2018-06-21 17:26:40.124 INFO  [main] mx.company.code.config.AppConfiguration [AppConfiguration.java:33] - [0;91m Registrando validator para peticiones post. [0;91m 
2018-06-21 17:26:40.704 INFO  [main] mx.company.code.Application [StartupInfoLogger.java:57] - Started Application in 2.903 seconds (JVM running for 3.516)
2018-06-21 17:27:03.613 INFO  [main] mx.company.code.Application [StartupInfoLogger.java:48] - Starting Application on APALMA-LAP with PID 31608 (C:\Proyectos\Prueba\JavaWorkSpace\mx.company.code\target\classes started by apalma in C:\Proyectos\Prueba\JavaWorkSpace\mx.company.code)
2018-06-21 17:27:03.616 DEBUG [main] mx.company.code.Application [StartupInfoLogger.java:51] - Running with Spring Boot v1.5.8.RELEASE, Spring v4.3.12.RELEASE
2018-06-21 17:27:03.616 INFO  [main] mx.company.code.Application [SpringApplication.java:593] - No active profile set, falling back to default profiles: default
2018-06-21 17:27:05.549 INFO  [main] mx.company.code.config.AppConfiguration [AppConfiguration.java:33] - [0;91m Registrando validator para peticiones post. \033[0m
2018-06-21 17:27:06.123 INFO  [main] mx.company.code.Application [StartupInfoLogger.java:57] - Started Application in 2.767 seconds (JVM running for 3.389)
2018-06-21 17:28:21.084 INFO  [main] mx.company.code.Application [StartupInfoLogger.java:48] - Starting Application on APALMA-LAP with PID 34080 (C:\Proyectos\Prueba\JavaWorkSpace\mx.company.code\target\classes started by apalma in C:\Proyectos\Prueba\JavaWorkSpace\mx.company.code)
2018-06-21 17:28:21.087 DEBUG [main] mx.company.code.Application [StartupInfoLogger.java:51] - Running with Spring Boot v1.5.8.RELEASE, Spring v4.3.12.RELEASE
2018-06-21 17:28:21.087 INFO  [main] mx.company.code.Application [SpringApplication.java:593] - No active profile set, falling back to default profiles: default
2018-06-21 17:28:22.964 INFO  [main] mx.company.code.config.AppConfiguration [AppConfiguration.java:33] - [31m Registrando validator para peticiones post. 
2018-06-21 17:28:23.514 INFO  [main] mx.company.code.Application [StartupInfoLogger.java:57] - Started Application in 2.686 seconds (JVM running for 3.38)
2018-06-21 17:28:38.972 INFO  [main] mx.company.code.Application [StartupInfoLogger.java:48] - Starting Application on APALMA-LAP with PID 22740 (C:\Proyectos\Prueba\JavaWorkSpace\mx.company.code\target\classes started by apalma in C:\Proyectos\Prueba\JavaWorkSpace\mx.company.code)
2018-06-21 17:28:38.975 DEBUG [main] mx.company.code.Application [StartupInfoLogger.java:51] - Running with Spring Boot v1.5.8.RELEASE, Spring v4.3.12.RELEASE
2018-06-21 17:28:38.976 INFO  [main] mx.company.code.Application [SpringApplication.java:593] - No active profile set, falling back to default profiles: default
2018-06-21 17:28:40.861 INFO  [main] mx.company.code.config.AppConfiguration [AppConfiguration.java:33] - \u001B[31m Registrando validator para peticiones post. 
2018-06-21 17:28:41.412 INFO  [main] mx.company.code.Application [StartupInfoLogger.java:57] - Started Application in 2.694 seconds (JVM running for 3.269)
2018-06-21 17:37:50.362 INFO  [main] mx.company.code.Application [StartupInfoLogger.java:48] - Starting Application on APALMA-LAP with PID 11296 (C:\Proyectos\Prueba\JavaWorkSpace\mx.company.code\target\classes started by apalma in C:\Proyectos\Prueba\JavaWorkSpace\mx.company.code)
2018-06-21 17:37:50.367 DEBUG [main] mx.company.code.Application [StartupInfoLogger.java:51] - Running with Spring Boot v1.5.8.RELEASE, Spring v4.3.12.RELEASE
2018-06-21 17:37:50.367 INFO  [main] mx.company.code.Application [SpringApplication.java:593] - No active profile set, falling back to default profiles: default
2018-06-21 17:37:53.015 INFO  [main] mx.company.code.config.AppConfiguration [AppConfiguration.java:33] - \u001B[31m Registrando validator para peticiones post. 
2018-06-21 17:37:53.016 INFO  [main] mx.company.code.config.AppConfiguration [AppConfiguration.java:34] - Hello [1;31mred[0m world!
2018-06-21 17:37:53.581 INFO  [main] mx.company.code.Application [StartupInfoLogger.java:57] - Started Application in 3.736 seconds (JVM running for 4.305)
2018-06-21 17:38:19.335 INFO  [main] mx.company.code.Application [StartupInfoLogger.java:48] - Starting Application on APALMA-LAP with PID 29432 (C:\Proyectos\Prueba\JavaWorkSpace\mx.company.code\target\classes started by apalma in C:\Proyectos\Prueba\JavaWorkSpace\mx.company.code)
2018-06-21 17:38:19.338 DEBUG [main] mx.company.code.Application [StartupInfoLogger.java:51] - Running with Spring Boot v1.5.8.RELEASE, Spring v4.3.12.RELEASE
2018-06-21 17:38:19.339 INFO  [main] mx.company.code.Application [SpringApplication.java:593] - No active profile set, falling back to default profiles: default
2018-06-21 17:38:21.281 INFO  [main] mx.company.code.config.AppConfiguration [AppConfiguration.java:33] - [31m Registrando validator para peticiones post. 
2018-06-21 17:38:21.281 INFO  [main] mx.company.code.config.AppConfiguration [AppConfiguration.java:34] - Hello [1;31mred[0m world!
2018-06-21 17:38:21.874 INFO  [main] mx.company.code.Application [StartupInfoLogger.java:57] - Started Application in 2.815 seconds (JVM running for 3.63)
2018-06-21 17:40:24.700 INFO  [main] mx.company.code.Application [StartupInfoLogger.java:48] - Starting Application on APALMA-LAP with PID 30532 (C:\Proyectos\Prueba\JavaWorkSpace\mx.company.code\target\classes started by apalma in C:\Proyectos\Prueba\JavaWorkSpace\mx.company.code)
2018-06-21 17:40:24.704 DEBUG [main] mx.company.code.Application [StartupInfoLogger.java:51] - Running with Spring Boot v1.5.8.RELEASE, Spring v4.3.12.RELEASE
2018-06-21 17:40:24.704 INFO  [main] mx.company.code.Application [SpringApplication.java:593] - No active profile set, falling back to default profiles: default
2018-06-21 17:40:26.632 INFO  [main] mx.company.code.config.AppConfiguration [AppConfiguration.java:33] - [31m Registrando validator para peticiones post. 
2018-06-21 17:40:26.633 INFO  [main] mx.company.code.config.AppConfiguration [AppConfiguration.java:34] - Hello [1;31mred[0m world!
2018-06-21 17:40:27.212 INFO  [main] mx.company.code.Application [StartupInfoLogger.java:57] - Started Application in 2.994 seconds (JVM running for 4.068)
2018-06-21 17:42:21.924 INFO  [main] mx.company.code.Application [StartupInfoLogger.java:48] - Starting Application on APALMA-LAP with PID 26876 (C:\Proyectos\Prueba\JavaWorkSpace\mx.company.code\target\classes started by apalma in C:\Proyectos\Prueba\JavaWorkSpace\mx.company.code)
2018-06-21 17:42:21.927 DEBUG [main] mx.company.code.Application [StartupInfoLogger.java:51] - Running with Spring Boot v1.5.8.RELEASE, Spring v4.3.12.RELEASE
2018-06-21 17:42:21.928 INFO  [main] mx.company.code.Application [SpringApplication.java:593] - No active profile set, falling back to default profiles: default
2018-06-21 17:42:24.153 INFO  [main] mx.company.code.config.AppConfiguration [AppConfiguration.java:33] - [31m Registrando validator para peticiones post. 
2018-06-21 17:42:24.154 INFO  [main] mx.company.code.config.AppConfiguration [AppConfiguration.java:34] - Hello [1;31mred[0m world!
2018-06-21 17:42:24.853 INFO  [main] mx.company.code.Application [StartupInfoLogger.java:57] - Started Application in 3.284 seconds (JVM running for 4.032)
2018-06-21 17:43:40.930 INFO  [main] mx.company.code.Application [StartupInfoLogger.java:48] - Starting Application on APALMA-LAP with PID 7372 (C:\Proyectos\Prueba\JavaWorkSpace\mx.company.code\target\classes started by apalma in C:\Proyectos\Prueba\JavaWorkSpace\mx.company.code)
2018-06-21 17:43:40.932 DEBUG [main] mx.company.code.Application [StartupInfoLogger.java:51] - Running with Spring Boot v1.5.8.RELEASE, Spring v4.3.12.RELEASE
2018-06-21 17:43:40.933 INFO  [main] mx.company.code.Application [SpringApplication.java:593] - No active profile set, falling back to default profiles: default
2018-06-21 17:43:42.920 INFO  [main] mx.company.code.config.AppConfiguration [AppConfiguration.java:33] - [31m Registrando validator para peticiones post. 
2018-06-21 17:43:42.921 INFO  [main] mx.company.code.config.AppConfiguration [AppConfiguration.java:34] - Hello [1;31mred[0m world!
2018-06-21 17:43:43.462 INFO  [main] mx.company.code.Application [StartupInfoLogger.java:57] - Started Application in 2.807 seconds (JVM running for 3.461)
2018-06-21 17:44:56.536 INFO  [main] mx.company.code.Application [StartupInfoLogger.java:48] - Starting Application on APALMA-LAP with PID 24732 (C:\Proyectos\Prueba\JavaWorkSpace\mx.company.code\target\classes started by apalma in C:\Proyectos\Prueba\JavaWorkSpace\mx.company.code)
2018-06-21 17:44:56.539 DEBUG [main] mx.company.code.Application [StartupInfoLogger.java:51] - Running with Spring Boot v1.5.8.RELEASE, Spring v4.3.12.RELEASE
2018-06-21 17:44:56.540 INFO  [main] mx.company.code.Application [SpringApplication.java:593] - No active profile set, falling back to default profiles: default
2018-06-21 17:44:58.467 INFO  [main] mx.company.code.config.AppConfiguration [AppConfiguration.java:33] - [31m Registrando validator para peticiones post. 
2018-06-21 17:44:58.468 INFO  [main] mx.company.code.config.AppConfiguration [AppConfiguration.java:34] - Hello [1;31mred[0m world!
2018-06-21 17:44:59.487 INFO  [main] mx.company.code.Application [StartupInfoLogger.java:57] - Started Application in 3.222 seconds (JVM running for 3.846)
2018-06-21 17:46:04.292 INFO  [main] mx.company.code.Application [StartupInfoLogger.java:48] - Starting Application on APALMA-LAP with PID 10468 (C:\Proyectos\Prueba\JavaWorkSpace\mx.company.code\target\classes started by apalma in C:\Proyectos\Prueba\JavaWorkSpace\mx.company.code)
2018-06-21 17:46:04.296 DEBUG [main] mx.company.code.Application [StartupInfoLogger.java:51] - Running with Spring Boot v1.5.8.RELEASE, Spring v4.3.12.RELEASE
2018-06-21 17:46:04.297 INFO  [main] mx.company.code.Application [SpringApplication.java:593] - No active profile set, falling back to default profiles: default
2018-06-21 17:46:06.183 INFO  [main] mx.company.code.config.AppConfiguration [AppConfiguration.java:33] - [31m Registrando validator para peticiones post. 
2018-06-21 17:46:06.184 INFO  [main] mx.company.code.config.AppConfiguration [AppConfiguration.java:34] - Hello [1;31mred[0m world!
2018-06-21 17:46:06.757 INFO  [main] mx.company.code.Application [StartupInfoLogger.java:57] - Started Application in 2.743 seconds (JVM running for 3.542)
2018-06-21 17:48:13.841 INFO  [main] mx.company.code.Application [StartupInfoLogger.java:48] - Starting Application on APALMA-LAP with PID 27208 (C:\Proyectos\Prueba\JavaWorkSpace\mx.company.code\target\classes started by apalma in C:\Proyectos\Prueba\JavaWorkSpace\mx.company.code)
2018-06-21 17:48:13.844 DEBUG [main] mx.company.code.Application [StartupInfoLogger.java:51] - Running with Spring Boot v1.5.8.RELEASE, Spring v4.3.12.RELEASE
2018-06-21 17:48:13.844 INFO  [main] mx.company.code.Application [SpringApplication.java:593] - No active profile set, falling back to default profiles: default
2018-06-21 17:48:15.723 INFO  [main] mx.company.code.config.AppConfiguration [AppConfiguration.java:33] - [31m Registrando validator para peticiones post. 
2018-06-21 17:48:15.724 INFO  [main] mx.company.code.config.AppConfiguration [AppConfiguration.java:34] - Hello [1;31mred[0m world!
2018-06-21 17:48:16.292 INFO  [main] mx.company.code.Application [StartupInfoLogger.java:57] - Started Application in 2.717 seconds (JVM running for 3.404)
2018-06-21 18:09:12.888 ERROR [main] org.springframework.boot.logging.LoggingApplicationListener [LoggingApplicationListener.java:365] - Cannot set level: WARNING for 'null'
2018-06-21 18:09:12.948 INFO  [main] mx.company.code.Application [StartupInfoLogger.java:48] - Starting Application on APALMA-LAP with PID 18576 (C:\Proyectos\Prueba\JavaWorkSpace\mx.company.code\target\classes started by apalma in C:\Proyectos\Prueba\JavaWorkSpace\mx.company.code)
2018-06-21 18:09:12.948 DEBUG [main] mx.company.code.Application [StartupInfoLogger.java:51] - Running with Spring Boot v1.5.8.RELEASE, Spring v4.3.12.RELEASE
2018-06-21 18:09:12.948 INFO  [main] mx.company.code.Application [SpringApplication.java:593] - No active profile set, falling back to default profiles: default
2018-06-21 18:09:13.005 INFO  [main] org.springframework.boot.context.embedded.AnnotationConfigEmbeddedWebApplicationContext [AbstractApplicationContext.java:583] - Refreshing org.springframework.boot.context.embedded.AnnotationConfigEmbeddedWebApplicationContext@6ca8564a: startup date [Thu Jun 21 18:09:13 CDT 2018]; root of context hierarchy
2018-06-21 18:09:13.592 INFO  [main] org.springframework.beans.factory.support.DefaultListableBeanFactory [DefaultListableBeanFactory.java:828] - Overriding bean definition for bean 'restConfiguration' with a different definition: replacing [Generic bean: class [mx.company.code.config.RestConfiguration]; scope=singleton; abstract=false; lazyInit=false; autowireMode=0; dependencyCheck=0; autowireCandidate=true; primary=false; factoryBeanName=null; factoryMethodName=null; initMethodName=null; destroyMethodName=null; defined in file [C:\Proyectos\Prueba\JavaWorkSpace\mx.company.code\target\classes\mx\company\code\config\RestConfiguration.class]] with [Root bean: class [null]; scope=; abstract=false; lazyInit=false; autowireMode=3; dependencyCheck=0; autowireCandidate=true; primary=false; factoryBeanName=application; factoryMethodName=restConfiguration; initMethodName=null; destroyMethodName=(inferred); defined in mx.company.code.Application]
2018-06-21 18:09:13.986 INFO  [main] org.springframework.context.support.PostProcessorRegistrationDelegate$BeanPostProcessorChecker [PostProcessorRegistrationDelegate.java:327] - Bean 'org.springframework.ws.config.annotation.DelegatingWsConfiguration' of type [org.springframework.ws.config.annotation.DelegatingWsConfiguration$$EnhancerBySpringCGLIB$$48d60e2b] is not eligible for getting processed by all BeanPostProcessors (for example: not eligible for auto-proxying)
2018-06-21 18:09:14.020 INFO  [main] org.springframework.ws.soap.addressing.server.AnnotationActionEndpointMapping [AbstractAddressingEndpointMapping.java:236] - Supporting [WS-Addressing August 2004, WS-Addressing 1.0]
2018-06-21 18:09:14.314 INFO  [main] org.springframework.boot.context.embedded.tomcat.TomcatEmbeddedServletContainer [TomcatEmbeddedServletContainer.java:89] - Tomcat initialized with port(s): 1218 (http)
2018-06-21 18:09:14.341 INFO  [main] org.apache.catalina.core.StandardService [DirectJDKLog.java:179] - Starting service [Tomcat]
2018-06-21 18:09:14.342 INFO  [main] org.apache.catalina.core.StandardEngine [DirectJDKLog.java:179] - Starting Servlet Engine: Apache Tomcat/8.5.23
2018-06-21 18:09:14.473 INFO  [localhost-startStop-1] org.apache.catalina.core.ContainerBase.[Tomcat].[localhost].[/] [DirectJDKLog.java:179] - Initializing Spring embedded WebApplicationContext
2018-06-21 18:09:14.636 INFO  [localhost-startStop-1] org.springframework.boot.web.servlet.ServletRegistrationBean [ServletRegistrationBean.java:190] - Mapping servlet: 'dispatcherServlet' to [/]
2018-06-21 18:09:14.638 INFO  [localhost-startStop-1] org.springframework.boot.web.servlet.ServletRegistrationBean [ServletRegistrationBean.java:190] - Mapping servlet: 'messageDispatcherServlet' to [/services/*]
2018-06-21 18:09:14.641 INFO  [localhost-startStop-1] org.springframework.boot.web.servlet.FilterRegistrationBean [AbstractFilterRegistrationBean.java:258] - Mapping filter: 'characterEncodingFilter' to: [/*]
2018-06-21 18:09:14.643 INFO  [localhost-startStop-1] org.springframework.boot.web.servlet.FilterRegistrationBean [AbstractFilterRegistrationBean.java:258] - Mapping filter: 'hiddenHttpMethodFilter' to: [/*]
2018-06-21 18:09:14.644 INFO  [localhost-startStop-1] org.springframework.boot.web.servlet.FilterRegistrationBean [AbstractFilterRegistrationBean.java:258] - Mapping filter: 'httpPutFormContentFilter' to: [/*]
2018-06-21 18:09:14.645 INFO  [localhost-startStop-1] org.springframework.boot.web.servlet.FilterRegistrationBean [AbstractFilterRegistrationBean.java:258] - Mapping filter: 'requestContextFilter' to: [/*]
2018-06-21 18:09:15.190 INFO  [main] mx.company.code.config.AppConfiguration [AppConfiguration.java:33] - [31m Registrando validator para peticiones post. 
2018-06-21 18:09:15.191 INFO  [main] mx.company.code.config.AppConfiguration [AppConfiguration.java:34] - Hello [1;31mred[0m world!
2018-06-21 18:09:15.600 INFO  [main] org.springframework.jmx.export.annotation.AnnotationMBeanExporter [MBeanExporter.java:431] - Registering beans for JMX exposure on startup
2018-06-21 18:09:15.613 INFO  [main] springfox.documentation.spring.web.plugins.DocumentationPluginsBootstrapper [DocumentationPluginsBootstrapper.java:84] - Context refreshed
2018-06-21 18:09:15.626 INFO  [main] springfox.documentation.spring.web.plugins.DocumentationPluginsBootstrapper [DocumentationPluginsBootstrapper.java:87] - Found 1 custom documentation plugin(s)
2018-06-21 18:09:15.633 INFO  [main] springfox.documentation.spring.web.scanners.ApiListingReferenceScanner [ApiListingReferenceScanner.java:44] - Scanning for api listing references
2018-06-21 18:09:15.922 INFO  [main] org.springframework.boot.context.embedded.tomcat.TomcatEmbeddedServletContainer [TomcatEmbeddedServletContainer.java:201] - Tomcat started on port(s): 1218 (http)
2018-06-21 18:09:15.927 INFO  [main] mx.company.code.Application [StartupInfoLogger.java:57] - Started Application in 3.273 seconds (JVM running for 4.184)
2018-06-21 18:09:55.809 INFO  [RMI TCP Connection(8)-127.0.0.1] org.springframework.boot.admin.SpringApplicationAdminMXBeanRegistrar$SpringApplicationAdmin [SpringApplicationAdminMXBeanRegistrar.java:125] - Application shutdown requested.
2018-06-21 18:09:55.810 INFO  [RMI TCP Connection(8)-127.0.0.1] org.springframework.boot.context.embedded.AnnotationConfigEmbeddedWebApplicationContext [AbstractApplicationContext.java:984] - Closing org.springframework.boot.context.embedded.AnnotationConfigEmbeddedWebApplicationContext@6ca8564a: startup date [Thu Jun 21 18:09:13 CDT 2018]; root of context hierarchy
2018-06-21 18:09:55.812 INFO  [RMI TCP Connection(8)-127.0.0.1] org.springframework.jmx.export.annotation.AnnotationMBeanExporter [MBeanExporter.java:449] - Unregistering JMX-exposed beans on shutdown
2018-06-21 18:10:02.497 INFO  [main] mx.company.code.Application [StartupInfoLogger.java:48] - Starting Application on APALMA-LAP with PID 18700 (C:\Proyectos\Prueba\JavaWorkSpace\mx.company.code\target\classes started by apalma in C:\Proyectos\Prueba\JavaWorkSpace\mx.company.code)
2018-06-21 18:10:02.500 DEBUG [main] mx.company.code.Application [StartupInfoLogger.java:51] - Running with Spring Boot v1.5.8.RELEASE, Spring v4.3.12.RELEASE
2018-06-21 18:10:02.501 INFO  [main] mx.company.code.Application [SpringApplication.java:593] - No active profile set, falling back to default profiles: default
2018-06-21 18:10:04.415 INFO  [main] mx.company.code.config.AppConfiguration [AppConfiguration.java:33] - [31m Registrando validator para peticiones post. 
2018-06-21 18:10:04.416 INFO  [main] mx.company.code.config.AppConfiguration [AppConfiguration.java:34] - Hello [1;31mred[0m world!
2018-06-21 18:10:05.023 INFO  [main] mx.company.code.Application [StartupInfoLogger.java:57] - Started Application in 2.813 seconds (JVM running for 3.475)
2018-06-21 18:19:29.845 INFO  [main] mx.company.code.Application [StartupInfoLogger.java:48] - Starting Application on APALMA-LAP with PID 9564 (C:\Proyectos\Prueba\JavaWorkSpace\mx.company.code\target\classes started by apalma in C:\Proyectos\Prueba\JavaWorkSpace\mx.company.code)
2018-06-21 18:19:29.848 DEBUG [main] mx.company.code.Application [StartupInfoLogger.java:51] - Running with Spring Boot v1.5.8.RELEASE, Spring v4.3.12.RELEASE
2018-06-21 18:19:29.849 INFO  [main] mx.company.code.Application [SpringApplication.java:593] - No active profile set, falling back to default profiles: default
2018-06-21 18:19:32.019 INFO  [main] mx.company.code.config.AppConfiguration [AppConfiguration.java:33] - [31m Registrando validator para peticiones post. 
2018-06-21 18:19:32.020 INFO  [main] mx.company.code.config.AppConfiguration [AppConfiguration.java:34] - Hello [1;31mred[0m world!
2018-06-21 18:19:32.638 INFO  [main] mx.company.code.Application [StartupInfoLogger.java:57] - Started Application in 3.147 seconds (JVM running for 3.801)
2018-06-21 18:19:56.251 INFO  [http-nio-1218-exec-1] mx.company.code.controller.ValidatorTokenController [ValidatorTokenController.java:32] - Entrando al controller -->class mx.company.code.controller.ValidatorTokenController
2018-06-21 18:19:56.252 DEBUG [http-nio-1218-exec-1] mx.company.code.util.TokeknValidatorJwt [TokeknValidatorJwt.java:21] - Validando token --->class mx.company.code.util.TokeknValidatorJwt
2018-06-21 18:19:56.347 ERROR [http-nio-1218-exec-1] mx.company.code.util.TokeknValidatorJwt [TokeknValidatorJwt.java:34] - Ha ocurrido un error al validar el token --> JWT strings must contain exactly 2 period characters. Found: 0
2018-06-21 18:19:56.348 INFO  [http-nio-1218-exec-1] mx.company.code.controller.ValidatorTokenController [ValidatorTokenController.java:34] - Token validado -->mx.company.code.model.TokenValidoResponse@afc7052 
2018-06-21 18:19:56.348 DEBUG [http-nio-1218-exec-1] mx.company.code.controller.ValidatorTokenController [ValidatorTokenController.java:35] - Message de debug
2018-06-21 18:19:56.349 ERROR [http-nio-1218-exec-1] mx.company.code.controller.ValidatorTokenController [ValidatorTokenController.java:36] - log de erro
2018-06-21 18:19:56.349 WARN  [http-nio-1218-exec-1] mx.company.code.controller.ValidatorTokenController [ValidatorTokenController.java:37] - log de warning
2018-06-21 18:25:16.703 INFO  [main] mx.company.code.Application [StartupInfoLogger.java:48] - Starting Application on APALMA-LAP with PID 22132 (C:\Proyectos\Prueba\JavaWorkSpace\mx.company.code\target\classes started by apalma in C:\Proyectos\Prueba\JavaWorkSpace\mx.company.code)
2018-06-21 18:25:16.706 DEBUG [main] mx.company.code.Application [StartupInfoLogger.java:51] - Running with Spring Boot v1.5.8.RELEASE, Spring v4.3.12.RELEASE
2018-06-21 18:25:16.707 INFO  [main] mx.company.code.Application [SpringApplication.java:593] - No active profile set, falling back to default profiles: default
2018-06-21 18:25:18.647 INFO  [main] mx.company.code.config.AppConfiguration [AppConfiguration.java:33] - [31m Registrando validator para peticiones post. 
2018-06-21 18:25:18.648 INFO  [main] mx.company.code.config.AppConfiguration [AppConfiguration.java:34] - Hello [1;31mred[0m world!
2018-06-21 18:25:19.216 INFO  [main] mx.company.code.Application [StartupInfoLogger.java:57] - Started Application in 2.779 seconds (JVM running for 3.408)
2018-06-21 18:26:37.593 INFO  [main] mx.company.code.Application [StartupInfoLogger.java:48] - Starting Application on APALMA-LAP with PID 32164 (C:\Proyectos\Prueba\JavaWorkSpace\mx.company.code\target\classes started by apalma in C:\Proyectos\Prueba\JavaWorkSpace\mx.company.code)
2018-06-21 18:26:37.597 DEBUG [main] mx.company.code.Application [StartupInfoLogger.java:51] - Running with Spring Boot v1.5.8.RELEASE, Spring v4.3.12.RELEASE
2018-06-21 18:26:37.598 INFO  [main] mx.company.code.Application [SpringApplication.java:593] - No active profile set, falling back to default profiles: default
2018-06-21 18:26:39.543 INFO  [main] mx.company.code.config.AppConfiguration [AppConfiguration.java:33] - Registrando validator para peticiones post.
2018-06-21 18:26:39.543 INFO  [main] mx.company.code.config.AppConfiguration [AppConfiguration.java:34] - Message info
2018-06-21 18:26:39.544 DEBUG [main] mx.company.code.config.AppConfiguration [AppConfiguration.java:35] - Message de debug
2018-06-21 18:26:39.544 ERROR [main] mx.company.code.config.AppConfiguration [AppConfiguration.java:36] - log de erro
2018-06-21 18:26:39.544 WARN  [main] mx.company.code.config.AppConfiguration [AppConfiguration.java:37] - log de warning
2018-06-21 18:26:40.211 INFO  [main] mx.company.code.Application [StartupInfoLogger.java:57] - Started Application in 2.881 seconds (JVM running for 3.506)
2018-06-21 18:29:10.351 INFO  [main] mx.company.code.Application [StartupInfoLogger.java:48] - Starting Application on APALMA-LAP with PID 14316 (C:\Proyectos\Prueba\JavaWorkSpace\mx.company.code\target\classes started by apalma in C:\Proyectos\Prueba\JavaWorkSpace\mx.company.code)
2018-06-21 18:29:10.354 DEBUG [main] mx.company.code.Application [StartupInfoLogger.java:51] - Running with Spring Boot v1.5.8.RELEASE, Spring v4.3.12.RELEASE
2018-06-21 18:29:10.354 INFO  [main] mx.company.code.Application [SpringApplication.java:593] - No active profile set, falling back to default profiles: default
2018-06-21 18:29:12.345 INFO  [main] mx.company.code.config.AppConfiguration [AppConfiguration.java:33] - Registrando validator para peticiones post.
2018-06-21 18:29:12.346 INFO  [main] mx.company.code.config.AppConfiguration [AppConfiguration.java:34] - Message info
2018-06-21 18:29:12.346 DEBUG [main] mx.company.code.config.AppConfiguration [AppConfiguration.java:35] - Message de debug
2018-06-21 18:29:12.346 ERROR [main] mx.company.code.config.AppConfiguration [AppConfiguration.java:36] - log de erro
2018-06-21 18:29:12.346 WARN  [main] mx.company.code.config.AppConfiguration [AppConfiguration.java:37] - log de warning
2018-06-21 18:29:12.908 INFO  [main] mx.company.code.Application [StartupInfoLogger.java:57] - Started Application in 2.824 seconds (JVM running for 3.431)
2018-06-21 18:30:13.429 INFO  [main] mx.company.code.Application [StartupInfoLogger.java:48] - Starting Application on APALMA-LAP with PID 27184 (C:\Proyectos\Prueba\JavaWorkSpace\mx.company.code\target\classes started by apalma in C:\Proyectos\Prueba\JavaWorkSpace\mx.company.code)
2018-06-21 18:30:13.431 DEBUG [main] mx.company.code.Application [StartupInfoLogger.java:51] - Running with Spring Boot v1.5.8.RELEASE, Spring v4.3.12.RELEASE
2018-06-21 18:30:13.432 INFO  [main] mx.company.code.Application [SpringApplication.java:593] - No active profile set, falling back to default profiles: default
2018-06-21 18:30:15.302 INFO  [main] mx.company.code.config.AppConfiguration [AppConfiguration.java:33] - Registrando validator para peticiones post.
2018-06-21 18:30:15.302 INFO  [main] mx.company.code.config.AppConfiguration [AppConfiguration.java:34] - Message info
2018-06-21 18:30:15.302 DEBUG [main] mx.company.code.config.AppConfiguration [AppConfiguration.java:35] - Message de debug
2018-06-21 18:30:15.302 ERROR [main] mx.company.code.config.AppConfiguration [AppConfiguration.java:36] - log de erro
2018-06-21 18:30:15.303 WARN  [main] mx.company.code.config.AppConfiguration [AppConfiguration.java:37] - log de warning
2018-06-21 18:30:15.866 INFO  [main] mx.company.code.Application [StartupInfoLogger.java:57] - Started Application in 2.69 seconds (JVM running for 3.327)
2018-06-21 18:32:34.551 INFO  [main] mx.company.code.Application [StartupInfoLogger.java:48] - Starting Application on APALMA-LAP with PID 15140 (C:\Proyectos\Prueba\JavaWorkSpace\mx.company.code\target\classes started by apalma in C:\Proyectos\Prueba\JavaWorkSpace\mx.company.code)
2018-06-21 18:32:34.554 DEBUG [main] mx.company.code.Application [StartupInfoLogger.java:51] - Running with Spring Boot v1.5.8.RELEASE, Spring v4.3.12.RELEASE
2018-06-21 18:32:34.555 INFO  [main] mx.company.code.Application [SpringApplication.java:593] - No active profile set, falling back to default profiles: default
2018-06-21 18:32:36.581 INFO  [main] mx.company.code.config.AppConfiguration [AppConfiguration.java:33] - Registrando validator para peticiones post.
2018-06-21 18:32:36.582 INFO  [main] mx.company.code.config.AppConfiguration [AppConfiguration.java:34] - Message info
2018-06-21 18:32:36.582 DEBUG [main] mx.company.code.config.AppConfiguration [AppConfiguration.java:35] - Message de debug
2018-06-21 18:32:36.582 ERROR [main] mx.company.code.config.AppConfiguration [AppConfiguration.java:36] - log de erro
2018-06-21 18:32:36.582 WARN  [main] mx.company.code.config.AppConfiguration [AppConfiguration.java:37] - log de warning
2018-06-21 18:32:37.169 INFO  [main] mx.company.code.Application [StartupInfoLogger.java:57] - Started Application in 2.887 seconds (JVM running for 3.522)
2018-06-21 18:35:32.100 INFO  [main] mx.company.code.Application [StartupInfoLogger.java:48] - Starting Application on APALMA-LAP with PID 32152 (C:\Proyectos\Prueba\JavaWorkSpace\mx.company.code\target\classes started by apalma in C:\Proyectos\Prueba\JavaWorkSpace\mx.company.code)
2018-06-21 18:35:32.103 DEBUG [main] mx.company.code.Application [StartupInfoLogger.java:51] - Running with Spring Boot v1.5.8.RELEASE, Spring v4.3.12.RELEASE
2018-06-21 18:35:32.104 INFO  [main] mx.company.code.Application [SpringApplication.java:593] - No active profile set, falling back to default profiles: default
2018-06-21 18:35:34.104 INFO  [main] mx.company.code.config.AppConfiguration [AppConfiguration.java:33] - Registrando validator para peticiones post.
2018-06-21 18:35:34.104 INFO  [main] mx.company.code.config.AppConfiguration [AppConfiguration.java:34] - Message info
2018-06-21 18:35:34.104 DEBUG [main] mx.company.code.config.AppConfiguration [AppConfiguration.java:35] - Message de debug
2018-06-21 18:35:34.105 ERROR [main] mx.company.code.config.AppConfiguration [AppConfiguration.java:36] - log de erro
2018-06-21 18:35:34.105 WARN  [main] mx.company.code.config.AppConfiguration [AppConfiguration.java:37] - log de warning
2018-06-21 18:35:34.714 INFO  [main] mx.company.code.Application [StartupInfoLogger.java:57] - Started Application in 2.892 seconds (JVM running for 3.5)
2018-06-21 18:42:43.522 INFO  [main] mx.company.code.Application [StartupInfoLogger.java:48] - Starting Application on APALMA-LAP with PID 13516 (C:\Proyectos\Prueba\JavaWorkSpace\mx.company.code\target\classes started by apalma in C:\Proyectos\Prueba\JavaWorkSpace\mx.company.code)
2018-06-21 18:42:43.525 DEBUG [main] mx.company.code.Application [StartupInfoLogger.java:51] - Running with Spring Boot v1.5.8.RELEASE, Spring v4.3.12.RELEASE
2018-06-21 18:42:43.526 INFO  [main] mx.company.code.Application [SpringApplication.java:593] - No active profile set, falling back to default profiles: default
2018-06-21 18:42:45.553 INFO  [main] mx.company.code.config.AppConfiguration [AppConfiguration.java:33] - Registrando validator para peticiones post.
2018-06-21 18:42:45.554 INFO  [main] mx.company.code.config.AppConfiguration [AppConfiguration.java:34] - Message info
2018-06-21 18:42:45.554 DEBUG [main] mx.company.code.config.AppConfiguration [AppConfiguration.java:35] - Message de debug
2018-06-21 18:42:45.554 ERROR [main] mx.company.code.config.AppConfiguration [AppConfiguration.java:36] - log de erro
2018-06-21 18:42:45.554 WARN  [main] mx.company.code.config.AppConfiguration [AppConfiguration.java:37] - log de warning
2018-06-21 18:42:46.133 INFO  [main] mx.company.code.Application [StartupInfoLogger.java:57] - Started Application in 2.881 seconds (JVM running for 3.477)
2018-06-21 18:43:18.756 INFO  [main] mx.company.code.Application [StartupInfoLogger.java:48] - Starting Application on APALMA-LAP with PID 27756 (C:\Proyectos\Prueba\JavaWorkSpace\mx.company.code\target\classes started by apalma in C:\Proyectos\Prueba\JavaWorkSpace\mx.company.code)
2018-06-21 18:43:18.759 DEBUG [main] mx.company.code.Application [StartupInfoLogger.java:51] - Running with Spring Boot v1.5.8.RELEASE, Spring v4.3.12.RELEASE
2018-06-21 18:43:18.759 INFO  [main] mx.company.code.Application [SpringApplication.java:593] - No active profile set, falling back to default profiles: default
2018-06-21 18:43:20.849 INFO  [main] mx.company.code.config.AppConfiguration [AppConfiguration.java:33] - Registrando validator para peticiones post.
2018-06-21 18:43:20.850 INFO  [main] mx.company.code.config.AppConfiguration [AppConfiguration.java:34] - Message info
2018-06-21 18:43:20.850 DEBUG [main] mx.company.code.config.AppConfiguration [AppConfiguration.java:35] - Message de debug
2018-06-21 18:43:20.850 ERROR [main] mx.company.code.config.AppConfiguration [AppConfiguration.java:36] - log de erro
2018-06-21 18:43:20.850 WARN  [main] mx.company.code.config.AppConfiguration [AppConfiguration.java:37] - log de warning
2018-06-21 18:43:21.441 INFO  [main] mx.company.code.Application [StartupInfoLogger.java:57] - Started Application in 2.951 seconds (JVM running for 3.594)
2018-06-21 18:43:36.681 INFO  [main] mx.company.code.Application [StartupInfoLogger.java:48] - Starting Application on APALMA-LAP with PID 31876 (C:\Proyectos\Prueba\JavaWorkSpace\mx.company.code\target\classes started by apalma in C:\Proyectos\Prueba\JavaWorkSpace\mx.company.code)
2018-06-21 18:43:36.684 DEBUG [main] mx.company.code.Application [StartupInfoLogger.java:51] - Running with Spring Boot v1.5.8.RELEASE, Spring v4.3.12.RELEASE
2018-06-21 18:43:36.685 INFO  [main] mx.company.code.Application [SpringApplication.java:593] - No active profile set, falling back to default profiles: default
2018-06-21 18:43:38.762 INFO  [main] mx.company.code.config.AppConfiguration [AppConfiguration.java:33] - Registrando validator para peticiones post.
2018-06-21 18:43:38.763 INFO  [main] mx.company.code.config.AppConfiguration [AppConfiguration.java:34] - Message info
2018-06-21 18:43:38.763 DEBUG [main] mx.company.code.config.AppConfiguration [AppConfiguration.java:35] - Message de debug
2018-06-21 18:43:38.763 ERROR [main] mx.company.code.config.AppConfiguration [AppConfiguration.java:36] - log de erro
2018-06-21 18:43:38.763 WARN  [main] mx.company.code.config.AppConfiguration [AppConfiguration.java:37] - log de warning
2018-06-21 18:43:39.367 INFO  [main] mx.company.code.Application [StartupInfoLogger.java:57] - Started Application in 2.963 seconds (JVM running for 3.623)
2018-06-21 18:53:12.593 INFO  [main] mx.company.code.Application [StartupInfoLogger.java:48] - Starting Application on APALMA-LAP with PID 30456 (C:\Proyectos\Prueba\JavaWorkSpace\mx.company.code\target\classes started by apalma in C:\Proyectos\Prueba\JavaWorkSpace\mx.company.code)
2018-06-21 18:53:12.596 DEBUG [main] mx.company.code.Application [StartupInfoLogger.java:51] - Running with Spring Boot v1.5.8.RELEASE, Spring v4.3.12.RELEASE
2018-06-21 18:53:12.596 INFO  [main] mx.company.code.Application [SpringApplication.java:593] - No active profile set, falling back to default profiles: default
2018-06-21 18:53:14.525 INFO  [main] mx.company.code.config.AppConfiguration [AppConfiguration.java:33] - Registrando validator para peticiones post.
2018-06-21 18:53:14.526 INFO  [main] mx.company.code.config.AppConfiguration [AppConfiguration.java:34] - Message info
2018-06-21 18:53:14.526 DEBUG [main] mx.company.code.config.AppConfiguration [AppConfiguration.java:35] - Message de debug
2018-06-21 18:53:14.527 ERROR [main] mx.company.code.config.AppConfiguration [AppConfiguration.java:36] - log de erro
2018-06-21 18:53:14.527 WARN  [main] mx.company.code.config.AppConfiguration [AppConfiguration.java:37] - log de warning
2018-06-21 18:53:15.140 INFO  [main] mx.company.code.Application [StartupInfoLogger.java:57] - Started Application in 2.805 seconds (JVM running for 3.416)
2018-06-21 18:55:18.499 INFO  [main] mx.company.code.Application [StartupInfoLogger.java:48] - Starting Application on APALMA-LAP with PID 12648 (C:\Proyectos\Prueba\JavaWorkSpace\mx.company.code\target\classes started by apalma in C:\Proyectos\Prueba\JavaWorkSpace\mx.company.code)
2018-06-21 18:55:18.502 DEBUG [main] mx.company.code.Application [StartupInfoLogger.java:51] - Running with Spring Boot v1.5.8.RELEASE, Spring v4.3.12.RELEASE
2018-06-21 18:55:18.503 INFO  [main] mx.company.code.Application [SpringApplication.java:593] - No active profile set, falling back to default profiles: default
2018-06-21 18:55:20.409 INFO  [main] mx.company.code.config.AppConfiguration [AppConfiguration.java:33] - Registrando validator para peticiones post.
2018-06-21 18:55:20.410 INFO  [main] mx.company.code.config.AppConfiguration [AppConfiguration.java:34] - Message info
2018-06-21 18:55:20.410 DEBUG [main] mx.company.code.config.AppConfiguration [AppConfiguration.java:35] - Message de debug
2018-06-21 18:55:20.410 ERROR [main] mx.company.code.config.AppConfiguration [AppConfiguration.java:36] - log de erro
2018-06-21 18:55:20.411 WARN  [main] mx.company.code.config.AppConfiguration [AppConfiguration.java:37] - log de warning
2018-06-21 18:55:20.978 INFO  [main] mx.company.code.Application [StartupInfoLogger.java:57] - Started Application in 2.742 seconds (JVM running for 3.34)
2018-06-21 18:56:44.780 INFO  [main] mx.company.code.Application [StartupInfoLogger.java:48] - Starting Application on APALMA-LAP with PID 2808 (C:\Proyectos\Prueba\JavaWorkSpace\mx.company.code\target\classes started by apalma in C:\Proyectos\Prueba\JavaWorkSpace\mx.company.code)
2018-06-21 18:56:44.783 DEBUG [main] mx.company.code.Application [StartupInfoLogger.java:51] - Running with Spring Boot v1.5.8.RELEASE, Spring v4.3.12.RELEASE
2018-06-21 18:56:44.783 INFO  [main] mx.company.code.Application [SpringApplication.java:593] - No active profile set, falling back to default profiles: default
2018-06-21 18:56:46.768 INFO  [main] mx.company.code.config.AppConfiguration [AppConfiguration.java:33] - Registrando validator para peticiones post.
2018-06-21 18:56:46.769 INFO  [main] mx.company.code.config.AppConfiguration [AppConfiguration.java:34] - Message info
2018-06-21 18:56:46.769 DEBUG [main] mx.company.code.config.AppConfiguration [AppConfiguration.java:35] - Message de debug
2018-06-21 18:56:46.770 ERROR [main] mx.company.code.config.AppConfiguration [AppConfiguration.java:36] - log de erro
2018-06-21 18:56:46.770 WARN  [main] mx.company.code.config.AppConfiguration [AppConfiguration.java:37] - log de warning
2018-06-21 18:56:47.358 INFO  [main] mx.company.code.Application [StartupInfoLogger.java:57] - Started Application in 2.857 seconds (JVM running for 3.446)
2018-06-21 18:57:13.659 INFO  [main] mx.company.code.Application [StartupInfoLogger.java:48] - Starting Application on APALMA-LAP with PID 18312 (C:\Proyectos\Prueba\JavaWorkSpace\mx.company.code\target\classes started by apalma in C:\Proyectos\Prueba\JavaWorkSpace\mx.company.code)
2018-06-21 18:57:13.662 DEBUG [main] mx.company.code.Application [StartupInfoLogger.java:51] - Running with Spring Boot v1.5.8.RELEASE, Spring v4.3.12.RELEASE
2018-06-21 18:57:13.663 INFO  [main] mx.company.code.Application [SpringApplication.java:593] - No active profile set, falling back to default profiles: default
2018-06-21 18:57:15.601 INFO  [main] mx.company.code.config.AppConfiguration [AppConfiguration.java:33] - Registrando validator para peticiones post.
2018-06-21 18:57:15.602 INFO  [main] mx.company.code.config.AppConfiguration [AppConfiguration.java:34] - Message info
2018-06-21 18:57:15.602 DEBUG [main] mx.company.code.config.AppConfiguration [AppConfiguration.java:35] - Message de debug
2018-06-21 18:57:15.602 ERROR [main] mx.company.code.config.AppConfiguration [AppConfiguration.java:36] - log de erro
2018-06-21 18:57:15.602 WARN  [main] mx.company.code.config.AppConfiguration [AppConfiguration.java:37] - log de warning
2018-06-21 18:57:16.176 INFO  [main] mx.company.code.Application [StartupInfoLogger.java:57] - Started Application in 2.783 seconds (JVM running for 3.382)
2018-06-21 19:43:23.507 INFO  [main] mx.company.code.Application [StartupInfoLogger.java:48] - Starting Application on APALMA-LAP with PID 15148 (C:\Proyectos\Prueba\JavaWorkSpace\mx.company.code\target\classes started by apalma in C:\Proyectos\Prueba\JavaWorkSpace\mx.company.code)
2018-06-21 19:43:23.512 DEBUG [main] mx.company.code.Application [StartupInfoLogger.java:51] - Running with Spring Boot v1.5.8.RELEASE, Spring v4.3.12.RELEASE
2018-06-21 19:43:23.513 INFO  [main] mx.company.code.Application [SpringApplication.java:593] - No active profile set, falling back to default profiles: default
2018-06-21 19:43:26.318 INFO  [main] mx.company.code.config.AppConfiguration [AppConfiguration.java:33] - Registrando validator para peticiones post.
2018-06-21 19:43:26.319 INFO  [main] mx.company.code.config.AppConfiguration [AppConfiguration.java:34] - Message info
2018-06-21 19:43:26.319 DEBUG [main] mx.company.code.config.AppConfiguration [AppConfiguration.java:35] - Message de debug
2018-06-21 19:43:26.319 ERROR [main] mx.company.code.config.AppConfiguration [AppConfiguration.java:36] - log de erro
2018-06-21 19:43:26.320 WARN  [main] mx.company.code.config.AppConfiguration [AppConfiguration.java:37] - log de warning
2018-06-21 19:43:27.246 INFO  [main] mx.company.code.Application [StartupInfoLogger.java:57] - Started Application in 4.183 seconds (JVM running for 6.459)
2018-06-21 19:43:42.477 INFO  [http-nio-1218-exec-9] mx.company.code.controller.ValidatorTokenController [ValidatorTokenController.java:36] - Entrando al controller -->class mx.company.code.controller.ValidatorTokenController
2018-06-21 19:47:31.119 DEBUG [http-nio-1218-exec-9] mx.company.code.service.ConsultaService [ConsultaService.java:48] - OP service --> getOper() --> Estatus de la operacion --> 200
2018-06-21 19:47:31.120 DEBUG [http-nio-1218-exec-9] mx.company.code.service.ConsultaService [ConsultaService.java:52] - OP service --> getBody --> Body JSON --> mx.company.code.model.BcomServiceResponseBean@60752cc0
2018-06-21 19:47:31.123 DEBUG [http-nio-1218-exec-9] mx.company.code.controller.ValidatorTokenController [ValidatorTokenController.java:40] - Message de debug
2018-06-21 19:47:31.124 ERROR [http-nio-1218-exec-9] mx.company.code.controller.ValidatorTokenController [ValidatorTokenController.java:41] - log de erro
2018-06-21 19:47:31.124 WARN  [http-nio-1218-exec-9] mx.company.code.controller.ValidatorTokenController [ValidatorTokenController.java:42] - log de warning
2018-06-21 19:52:56.884 INFO  [main] mx.company.code.Application [StartupInfoLogger.java:48] - Starting Application on APALMA-LAP with PID 30840 (C:\Proyectos\Prueba\JavaWorkSpace\mx.company.code\target\classes started by apalma in C:\Proyectos\Prueba\JavaWorkSpace\mx.company.code)
2018-06-21 19:52:56.889 DEBUG [main] mx.company.code.Application [StartupInfoLogger.java:51] - Running with Spring Boot v1.5.8.RELEASE, Spring v4.3.12.RELEASE
2018-06-21 19:52:56.890 INFO  [main] mx.company.code.Application [SpringApplication.java:593] - No active profile set, falling back to default profiles: default
2018-06-21 19:52:59.334 INFO  [main] mx.company.code.config.AppConfiguration [AppConfiguration.java:33] - Registrando validator para peticiones post.
2018-06-21 19:52:59.335 INFO  [main] mx.company.code.config.AppConfiguration [AppConfiguration.java:34] - Message info
2018-06-21 19:52:59.335 DEBUG [main] mx.company.code.config.AppConfiguration [AppConfiguration.java:35] - Message de debug
2018-06-21 19:52:59.335 ERROR [main] mx.company.code.config.AppConfiguration [AppConfiguration.java:36] - log de erro
2018-06-21 19:52:59.335 WARN  [main] mx.company.code.config.AppConfiguration [AppConfiguration.java:37] - log de warning
2018-06-21 19:53:00.294 INFO  [main] mx.company.code.Application [StartupInfoLogger.java:57] - Started Application in 3.781 seconds (JVM running for 4.503)
2018-06-21 19:53:18.258 INFO  [http-nio-1218-exec-1] mx.company.code.controller.ValidatorTokenController [ValidatorTokenController.java:36] - Entrando al controller -->class mx.company.code.controller.ValidatorTokenController
2018-06-21 19:53:56.559 DEBUG [http-nio-1218-exec-1] mx.company.code.service.ConsultaService [ConsultaService.java:49] - OP service --> getOper() --> Estatus de la operacion --> 200
2018-06-21 19:54:06.488 DEBUG [http-nio-1218-exec-1] mx.company.code.service.ConsultaService [ConsultaService.java:53] - OP service --> getBody --> Body JSON --> mx.company.code.model.BcomServiceResponseBean@53e37ef6
2018-06-21 19:54:06.494 DEBUG [http-nio-1218-exec-1] mx.company.code.controller.ValidatorTokenController [ValidatorTokenController.java:40] - Message de debug
2018-06-21 19:54:06.495 ERROR [http-nio-1218-exec-1] mx.company.code.controller.ValidatorTokenController [ValidatorTokenController.java:41] - log de erro
2018-06-21 19:54:06.496 WARN  [http-nio-1218-exec-1] mx.company.code.controller.ValidatorTokenController [ValidatorTokenController.java:42] - log de warning
2018-06-21 19:58:30.536 INFO  [main] mx.company.code.Application [StartupInfoLogger.java:48] - Starting Application on APALMA-LAP with PID 2872 (C:\Proyectos\Prueba\JavaWorkSpace\mx.company.code\target\classes started by apalma in C:\Proyectos\Prueba\JavaWorkSpace\mx.company.code)
2018-06-21 19:58:30.541 DEBUG [main] mx.company.code.Application [StartupInfoLogger.java:51] - Running with Spring Boot v1.5.8.RELEASE, Spring v4.3.12.RELEASE
2018-06-21 19:58:30.542 INFO  [main] mx.company.code.Application [SpringApplication.java:593] - No active profile set, falling back to default profiles: default
2018-06-21 19:58:33.540 INFO  [main] mx.company.code.config.AppConfiguration [AppConfiguration.java:33] - Registrando validator para peticiones post.
2018-06-21 19:58:33.540 INFO  [main] mx.company.code.config.AppConfiguration [AppConfiguration.java:34] - Message info
2018-06-21 19:58:33.541 DEBUG [main] mx.company.code.config.AppConfiguration [AppConfiguration.java:35] - Message de debug
2018-06-21 19:58:33.541 ERROR [main] mx.company.code.config.AppConfiguration [AppConfiguration.java:36] - log de erro
2018-06-21 19:58:33.541 WARN  [main] mx.company.code.config.AppConfiguration [AppConfiguration.java:37] - log de warning
2018-06-21 19:58:34.838 INFO  [main] mx.company.code.Application [StartupInfoLogger.java:57] - Started Application in 4.658 seconds (JVM running for 5.389)
2018-06-21 19:58:45.579 INFO  [http-nio-1218-exec-1] mx.company.code.controller.ValidatorTokenController [ValidatorTokenController.java:36] - Entrando al controller -->class mx.company.code.controller.ValidatorTokenController
2018-06-21 20:02:51.172 INFO  [main] mx.company.code.Application [StartupInfoLogger.java:48] - Starting Application on APALMA-LAP with PID 29292 (C:\Proyectos\Prueba\JavaWorkSpace\mx.company.code\target\classes started by apalma in C:\Proyectos\Prueba\JavaWorkSpace\mx.company.code)
2018-06-21 20:02:51.178 DEBUG [main] mx.company.code.Application [StartupInfoLogger.java:51] - Running with Spring Boot v1.5.8.RELEASE, Spring v4.3.12.RELEASE
2018-06-21 20:02:51.179 INFO  [main] mx.company.code.Application [SpringApplication.java:593] - No active profile set, falling back to default profiles: default
2018-06-21 20:02:53.729 INFO  [main] mx.company.code.config.AppConfiguration [AppConfiguration.java:33] - Registrando validator para peticiones post.
2018-06-21 20:02:53.730 INFO  [main] mx.company.code.config.AppConfiguration [AppConfiguration.java:34] - Message info
2018-06-21 20:02:53.731 DEBUG [main] mx.company.code.config.AppConfiguration [AppConfiguration.java:35] - Message de debug
2018-06-21 20:02:53.731 ERROR [main] mx.company.code.config.AppConfiguration [AppConfiguration.java:36] - log de erro
2018-06-21 20:02:53.732 WARN  [main] mx.company.code.config.AppConfiguration [AppConfiguration.java:37] - log de warning
2018-06-21 20:02:54.799 INFO  [main] mx.company.code.Application [StartupInfoLogger.java:57] - Started Application in 3.969 seconds (JVM running for 4.717)
2018-06-21 20:03:14.160 INFO  [http-nio-1218-exec-1] mx.company.code.controller.ValidatorTokenController [ValidatorTokenController.java:36] - Entrando al controller -->class mx.company.code.controller.ValidatorTokenController
2018-06-21 20:03:46.290 DEBUG [http-nio-1218-exec-1] mx.company.code.service.ConsultaService [ConsultaService.java:49] - OP service --> getOper() --> Estatus de la operacion --> 200
2018-06-21 20:03:46.291 DEBUG [http-nio-1218-exec-1] mx.company.code.service.ConsultaService [ConsultaService.java:53] - OP service --> getBody --> Body JSON --> mx.company.code.model.BcomServiceResponseBean@3cd3653b
2018-06-21 20:03:46.292 DEBUG [http-nio-1218-exec-1] mx.company.code.controller.ValidatorTokenController [ValidatorTokenController.java:40] - Message de debug
2018-06-21 20:03:46.292 ERROR [http-nio-1218-exec-1] mx.company.code.controller.ValidatorTokenController [ValidatorTokenController.java:41] - log de erro
2018-06-21 20:03:46.292 WARN  [http-nio-1218-exec-1] mx.company.code.controller.ValidatorTokenController [ValidatorTokenController.java:42] - log de warning
2018-06-21 20:04:06.610 INFO  [main] mx.company.code.Application [StartupInfoLogger.java:48] - Starting Application on APALMA-LAP with PID 30340 (C:\Proyectos\Prueba\JavaWorkSpace\mx.company.code\target\classes started by apalma in C:\Proyectos\Prueba\JavaWorkSpace\mx.company.code)
2018-06-21 20:04:06.616 DEBUG [main] mx.company.code.Application [StartupInfoLogger.java:51] - Running with Spring Boot v1.5.8.RELEASE, Spring v4.3.12.RELEASE
2018-06-21 20:04:06.616 INFO  [main] mx.company.code.Application [SpringApplication.java:593] - No active profile set, falling back to default profiles: default
2018-06-21 20:04:09.065 INFO  [main] mx.company.code.config.AppConfiguration [AppConfiguration.java:33] - Registrando validator para peticiones post.
2018-06-21 20:04:09.066 INFO  [main] mx.company.code.config.AppConfiguration [AppConfiguration.java:34] - Message info
2018-06-21 20:04:09.066 DEBUG [main] mx.company.code.config.AppConfiguration [AppConfiguration.java:35] - Message de debug
2018-06-21 20:04:09.066 ERROR [main] mx.company.code.config.AppConfiguration [AppConfiguration.java:36] - log de erro
2018-06-21 20:04:09.067 WARN  [main] mx.company.code.config.AppConfiguration [AppConfiguration.java:37] - log de warning
2018-06-21 20:04:09.968 INFO  [main] mx.company.code.Application [StartupInfoLogger.java:57] - Started Application in 3.673 seconds (JVM running for 4.46)
2018-06-21 20:04:16.407 INFO  [http-nio-1218-exec-1] mx.company.code.controller.ValidatorTokenController [ValidatorTokenController.java:36] - Entrando al controller -->class mx.company.code.controller.ValidatorTokenController
2018-06-21 20:06:00.379 INFO  [main] mx.company.code.Application [StartupInfoLogger.java:48] - Starting Application on APALMA-LAP with PID 26224 (C:\Proyectos\Prueba\JavaWorkSpace\mx.company.code\target\classes started by apalma in C:\Proyectos\Prueba\JavaWorkSpace\mx.company.code)
2018-06-21 20:06:00.385 DEBUG [main] mx.company.code.Application [StartupInfoLogger.java:51] - Running with Spring Boot v1.5.8.RELEASE, Spring v4.3.12.RELEASE
2018-06-21 20:06:00.385 INFO  [main] mx.company.code.Application [SpringApplication.java:593] - No active profile set, falling back to default profiles: default
2018-06-21 20:06:02.842 INFO  [main] mx.company.code.config.AppConfiguration [AppConfiguration.java:33] - Registrando validator para peticiones post.
2018-06-21 20:06:02.843 INFO  [main] mx.company.code.config.AppConfiguration [AppConfiguration.java:34] - Message info
2018-06-21 20:06:02.843 DEBUG [main] mx.company.code.config.AppConfiguration [AppConfiguration.java:35] - Message de debug
2018-06-21 20:06:02.843 ERROR [main] mx.company.code.config.AppConfiguration [AppConfiguration.java:36] - log de erro
2018-06-21 20:06:02.844 WARN  [main] mx.company.code.config.AppConfiguration [AppConfiguration.java:37] - log de warning
2018-06-21 20:06:03.756 INFO  [main] mx.company.code.Application [StartupInfoLogger.java:57] - Started Application in 3.719 seconds (JVM running for 4.53)
2018-06-21 20:06:14.665 INFO  [http-nio-1218-exec-2] mx.company.code.controller.ValidatorTokenController [ValidatorTokenController.java:36] - Entrando al controller -->class mx.company.code.controller.ValidatorTokenController
2018-12-07 11:24:19.880 INFO  [main] mx.company.code.Application [StartupInfoLogger.java:48] - Starting Application on APALMA-LAP with PID 4644 (B:\Proyectos\Prueba\JavaWorkSpace\mx.company.code\target\classes started by apalma in B:\Proyectos\Prueba\JavaWorkSpace\mx.company.code)
2018-12-07 11:24:19.929 DEBUG [main] mx.company.code.Application [StartupInfoLogger.java:51] - Running with Spring Boot v1.5.8.RELEASE, Spring v4.3.12.RELEASE
2018-12-07 11:24:19.930 INFO  [main] mx.company.code.Application [SpringApplication.java:593] - No active profile set, falling back to default profiles: default
2018-12-07 11:24:21.647 INFO  [main] mx.company.code.config.AppConfiguration [AppConfiguration.java:33] - Registrando validator para peticiones post.
2018-12-07 11:24:21.647 INFO  [main] mx.company.code.config.AppConfiguration [AppConfiguration.java:34] - Message info
2018-12-07 11:24:21.647 DEBUG [main] mx.company.code.config.AppConfiguration [AppConfiguration.java:35] - Message de debug
2018-12-07 11:24:21.647 ERROR [main] mx.company.code.config.AppConfiguration [AppConfiguration.java:36] - log de erro
2018-12-07 11:24:21.647 WARN  [main] mx.company.code.config.AppConfiguration [AppConfiguration.java:37] - log de warning
2018-12-07 11:24:22.180 INFO  [main] mx.company.code.Application [StartupInfoLogger.java:57] - Started Application in 2.624 seconds (JVM running for 3.693)
2018-12-07 11:30:33.934 INFO  [http-nio-1218-exec-3] mx.company.code.controller.ValidatorTokenController [ValidatorTokenController.java:36] - Entrando al controller -->class mx.company.code.controller.ValidatorTokenController
2018-12-07 11:30:35.692 DEBUG [http-nio-1218-exec-3] mx.company.code.service.ConsultaService [ConsultaService.java:49] - OP service --> getOper() --> Estatus de la operacion --> 200
2018-12-07 11:30:35.694 DEBUG [http-nio-1218-exec-3] mx.company.code.service.ConsultaService [ConsultaService.java:53] - OP service --> getBody --> Body JSON --> mx.company.code.model.BcomServiceResponseBean@30408ec3
2018-12-07 11:30:35.697 DEBUG [http-nio-1218-exec-3] mx.company.code.controller.ValidatorTokenController [ValidatorTokenController.java:40] - Message de debug
2018-12-07 11:30:35.701 ERROR [http-nio-1218-exec-3] mx.company.code.controller.ValidatorTokenController [ValidatorTokenController.java:41] - log de erro
2018-12-07 11:30:35.707 WARN  [http-nio-1218-exec-3] mx.company.code.controller.ValidatorTokenController [ValidatorTokenController.java:42] - log de warning
